<?xml version="1.0" encoding="UTF-8"?>
<!-- Generated by org.testng.reporters.JUnitXMLReporter -->
<testsuite hostname="LAPTOP-824KDGMI" ignored="0" name="Test1" tests="3" failures="0" timestamp="15 Sep 2020 09:03:53 GMT" time="0.031" errors="0">
  <testcase name="testCase1" time="0.004" classname="org.testing.TestScripts.TestCase1"/>
  <testcase name="testCase3" time="0.001" classname="org.testing.TestScripts.TestCase1"/>
  <testcase name="testCase2" time="0.001" classname="org.testing.TestScripts.TestCase1"/>
</testsuite> <!-- Test1 -->
