<?xml version="1.0" encoding="UTF-8"?>
<!-- Generated by org.testng.reporters.JUnitXMLReporter -->
<testsuite hostname="LAPTOP-824KDGMI" ignored="0" name="Test" tests="3" failures="0" timestamp="15 Sep 2020 08:17:21 GMT" time="0.049" errors="0">
  <testcase name="testCase1" time="0.007" classname="org.testing.TestScripts.TestCase1"/>
  <testcase name="testCase2" time="0.002" classname="org.testing.TestScripts.TestCase1"/>
  <testcase name="printMessage" time="0.002" classname="org.testing.TestScripts.DummyClass"/>
</testsuite> <!-- Test -->
