<?xml version="1.0" encoding="UTF-8"?>
<!-- Generated by org.testng.reporters.JUnitXMLReporter -->
<testsuite hostname="LAPTOP-824KDGMI" ignored="0" name="Test" tests="3" failures="0" timestamp="02 Sep 2020 15:34:48 GMT" time="1.748" errors="0">
  <testcase name="TC1" time="1.617" classname="org.testing.TestScripts.TC1_PostRequest"/>
  <testcase name="TC2_GetRequest" time="0.041" classname="org.testing.TestScripts.TC_2_GetRequest"/>
  <testcase name="TC3_getRequestWithQueryParameters" time="0.063" classname="org.testing.TestScripts.TC3_GetRequest_QueryParameters"/>
</testsuite> <!-- Test -->
