<?xml version="1.0" encoding="UTF-8"?>
<testng-results skipped="0" failed="0" ignored="0" total="1" passed="1">
  <reporter-output>
  </reporter-output>
  <suite name="Suite" duration-ms="2260" started-at="2020-09-13T11:20:04Z" finished-at="2020-09-13T11:20:06Z">
    <groups>
    </groups>
    <test name="Test" duration-ms="2260" started-at="2020-09-13T11:20:04Z" finished-at="2020-09-13T11:20:06Z">
      <class name="org.testing.TestScript.TC1">
        <test-method status="PASS" signature="testCase1()[pri:0, instance:org.testing.TestScript.TC1@25d250c6]" name="testCase1" duration-ms="2234" started-at="2020-09-13T16:50:04Z" finished-at="2020-09-13T16:50:06Z">
          <reporter-output>
          </reporter-output>
        </test-method> <!-- testCase1 -->
      </class> <!-- org.testing.TestScript.TC1 -->
    </test> <!-- Test -->
  </suite> <!-- Suite -->
</testng-results>
